<?xml version="1.0" encoding="UTF-8"?>
<!-- Generated by org.testng.reporters.JUnitReportReporter -->
<testsuite hostname="avanis-glaptop" name="tests.ProductTests" tests="6" failures="0" timestamp="24 Jan 2016 03:06:08 GMT" time="33.004" errors="0">
  <testcase name="testSubTotalForAll" time="2.493" classname="tests.ProductTests"/>
  <testcase name="testSubTotalForProductGiraffe" time="6.195" classname="tests.ProductTests"/>
  <testcase name="testSubTotalForProductElephant" time="5.481" classname="tests.ProductTests"/>
  <testcase name="testSubTotalForProductLion" time="8.016" classname="tests.ProductTests"/>
  <testcase name="testInvalidInput" time="5.108" classname="tests.ProductTests"/>
  <testcase name="testSubTotalForProductZebra" time="5.711" classname="tests.ProductTests"/>
</testsuite> <!-- tests.ProductTests -->
