<?xml version="1.0" encoding="UTF-8"?>
<!-- Generated by org.testng.reporters.JUnitReportReporter -->
<testsuite hostname="avanis-glaptop" name="tests.StateTest" tests="5" failures="0" timestamp="23 Jan 2016 11:35:23 GMT" time="27.237" errors="0">
  <testcase name="testValidateSalesTax" time="5.240" classname="tests.StateTest"/>
  <testcase name="testValidateSalesTax" time="5.387" classname="tests.StateTest"/>
  <testcase name="testValidateSalesTax" time="6.050" classname="tests.StateTest"/>
  <testcase name="testValidateSalesTax" time="5.254" classname="tests.StateTest"/>
  <testcase name="testValidateSalesTax" time="5.306" classname="tests.StateTest"/>
</testsuite> <!-- tests.StateTest -->
