<?xml version="1.0" encoding="UTF-8"?>
<!-- Generated by org.testng.reporters.JUnitReportReporter -->
<testsuite hostname="avanis-glaptop" name="tests.BrowserTests" tests="2" failures="0" timestamp="24 Jan 2016 04:43:13 GMT" time="3.896" errors="0">
  <testcase name="loadHomePage" time="1.055" classname="tests.BrowserTests"/>
  <testcase name="loadHomePage" time="2.841" classname="tests.BrowserTests"/>
</testsuite> <!-- tests.BrowserTests -->
