<?xml version="1.0" encoding="UTF-8"?>
<!-- Generated by org.testng.reporters.JUnitReportReporter -->
<testsuite hostname="avanis-glaptop" name="tests.StateTest" tests="5" failures="0" timestamp="23 Jan 2016 10:32:32 GMT" time="30.179" errors="0">
  <testcase name="testValidateSalesTax" time="7.299" classname="tests.StateTest"/>
  <testcase name="testValidateSalesTax" time="5.442" classname="tests.StateTest"/>
  <testcase name="testValidateSalesTax" time="5.874" classname="tests.StateTest"/>
  <testcase name="testValidateSalesTax" time="5.921" classname="tests.StateTest"/>
  <testcase name="testValidateSalesTax" time="5.643" classname="tests.StateTest"/>
</testsuite> <!-- tests.StateTest -->
