<?xml version="1.0" encoding="UTF-8"?>
<!-- Generated by org.testng.reporters.JUnitReportReporter -->
<testsuite hostname="avanis-glaptop" name="tests.StateTest" tests="6" failures="0" timestamp="24 Jan 2016 03:28:01 GMT" time="34.044" errors="0">
  <testcase name="testValidateSalesTax" time="5.479" classname="tests.StateTest"/>
  <testcase name="testValidateSalesTax" time="5.660" classname="tests.StateTest"/>
  <testcase name="testValidateSalesTax" time="5.736" classname="tests.StateTest"/>
  <testcase name="testValidateSalesTax" time="6.549" classname="tests.StateTest"/>
  <testcase name="testValidateSalesTax" time="5.341" classname="tests.StateTest"/>
  <testcase name="testValidateSalesTax" time="5.279" classname="tests.StateTest"/>
</testsuite> <!-- tests.StateTest -->
