<?xml version="1.0" encoding="UTF-8"?>
<!-- Generated by org.testng.reporters.JUnitReportReporter -->
<testsuite hostname="avanis-glaptop" name="tests.BrowserTests" tests="2" failures="0" timestamp="24 Jan 2016 03:06:08 GMT" time="4.244" errors="0">
  <testcase name="loadHomePage" time="1.082" classname="tests.BrowserTests"/>
  <testcase name="loadHomePage" time="3.162" classname="tests.BrowserTests"/>
</testsuite> <!-- tests.BrowserTests -->
