<?xml version="1.0" encoding="UTF-8"?>
<!-- Generated by org.testng.reporters.JUnitReportReporter -->
<testsuite hostname="avanis-glaptop" name="tests.ProductTests" tests="5" failures="0" timestamp="24 Jan 2016 04:43:13 GMT" time="26.775" errors="0">
  <testcase name="testSubTotalForProductZebra" time="5.188" classname="tests.ProductTests"/>
  <testcase name="testSubTotalForProductLion" time="5.223" classname="tests.ProductTests"/>
  <testcase name="testMultipleProducts" time="5.514" classname="tests.ProductTests"/>
  <testcase name="testSubTotalForProductElephant" time="5.496" classname="tests.ProductTests"/>
  <testcase name="testSubTotalForProductGiraffe" time="5.354" classname="tests.ProductTests"/>
</testsuite> <!-- tests.ProductTests -->
