<?xml version="1.0" encoding="UTF-8"?>
<!-- Generated by org.testng.reporters.JUnitReportReporter -->
<testsuite hostname="avanis-glaptop" name="tests.ProductTests" tests="6" failures="0" timestamp="23 Jan 2016 11:35:23 GMT" time="30.089" errors="0">
  <testcase name="testSubTotalForAll" time="4.496" classname="tests.ProductTests"/>
  <testcase name="testInvalidInput" time="2.546" classname="tests.ProductTests"/>
  <testcase name="testSubTotalForProductElephant" time="5.218" classname="tests.ProductTests"/>
  <testcase name="testSubTotalForProductZebra" time="5.311" classname="tests.ProductTests"/>
  <testcase name="testSubTotalForProductGiraffe" time="5.349" classname="tests.ProductTests"/>
  <testcase name="testSubTotalForProductLion" time="7.169" classname="tests.ProductTests"/>
</testsuite> <!-- tests.ProductTests -->
