<?xml version="1.0" encoding="UTF-8"?>
<!-- Generated by org.testng.reporters.JUnitReportReporter -->
<testsuite hostname="avanis-glaptop" name="tests.StateTest" tests="6" failures="0" timestamp="24 Jan 2016 04:43:13 GMT" time="35.209" errors="0">
  <testcase name="testValidateSalesTax" time="5.804" classname="tests.StateTest"/>
  <testcase name="testValidateSalesTax" time="5.997" classname="tests.StateTest"/>
  <testcase name="testValidateSalesTax" time="5.850" classname="tests.StateTest"/>
  <testcase name="testValidateSalesTax" time="5.873" classname="tests.StateTest"/>
  <testcase name="testValidateSalesTax" time="5.932" classname="tests.StateTest"/>
  <testcase name="testValidateSalesTax" time="5.753" classname="tests.StateTest"/>
</testsuite> <!-- tests.StateTest -->
