<?xml version="1.0" encoding="UTF-8"?>
<!-- Generated by org.testng.reporters.JUnitReportReporter -->
<testsuite hostname="avanis-glaptop" name="tests.MainTest" tests="3" failures="0" timestamp="23 Jan 2016 08:26:14 GMT" time="17.551" errors="0">
  <testcase name="loadHomePage" time="5.761" classname="tests.MainTest"/>
  <testcase name="testValidateSalesTaxForCA" time="5.543" classname="tests.MainTest"/>
  <testcase name="testProductZebra" time="6.247" classname="tests.MainTest"/>
</testsuite> <!-- tests.MainTest -->
