<?xml version="1.0" encoding="UTF-8"?>
<!-- Generated by org.testng.reporters.JUnitReportReporter -->
<testsuite hostname="avanis-glaptop" name="tests.ProductTests" tests="4" failures="0" timestamp="23 Jan 2016 10:52:37 GMT" time="22.589" errors="0">
  <testcase name="testSubTotalForProductElephant" time="5.473" classname="tests.ProductTests"/>
  <testcase name="testSubTotalForProductZebra" time="6.261" classname="tests.ProductTests"/>
  <testcase name="testSubTotalForProductLion" time="5.568" classname="tests.ProductTests"/>
  <testcase name="testSubTotalForProductGiraffe" time="5.287" classname="tests.ProductTests"/>
</testsuite> <!-- tests.ProductTests -->
